\BOOKMARK [0][-]{part.1}{I Information}{}% 1
\BOOKMARK [1][-]{section.1}{ Functions}{part.1}% 2
\BOOKMARK [2][-]{subsection.1.1}{ Even and Odd Functions}{section.1}% 3
\BOOKMARK [2][-]{subsection.1.2}{ Periodicity}{section.1}% 4
\BOOKMARK [2][-]{subsection.1.3}{ Inverse Functions}{section.1}% 5
\BOOKMARK [1][-]{section.2}{ Limits}{part.1}% 6
\BOOKMARK [2][-]{subsection.2.1}{ Definition of a Limit}{section.2}% 7
\BOOKMARK [3][-]{subsubsection.2.1.1}{ Symbolic Definitions of Limits}{subsection.2.1}% 8
\BOOKMARK [2][-]{subsection.2.2}{ Continuity}{section.2}% 9
\BOOKMARK [2][-]{subsection.2.3}{ Horizontal and Vertical Asymptotes}{section.2}% 10
\BOOKMARK [2][-]{subsection.2.4}{ Evaluating Limits}{section.2}% 11
\BOOKMARK [3][-]{subsubsection.2.4.1}{ Limits of Rational Functions as x }{subsection.2.4}% 12
\BOOKMARK [3][-]{subsubsection.2.4.2}{ Remarkable Limits}{subsection.2.4}% 13
\BOOKMARK [2][-]{subsection.2.5}{ Intermediate Value Theorem}{section.2}% 14
\BOOKMARK [1][-]{section.3}{ Derivatives}{part.1}% 15
\BOOKMARK [2][-]{subsection.3.1}{ Notation of Derivatives}{section.3}% 16
\BOOKMARK [2][-]{subsection.3.2}{ Rate of Change}{section.3}% 17
\BOOKMARK [2][-]{subsection.3.3}{ Definition of a Derivative}{section.3}% 18
\BOOKMARK [2][-]{subsection.3.4}{ Derivatives of Inverse Functions}{section.3}% 19
\BOOKMARK [2][-]{subsection.3.5}{ Finding Maxima and Minima}{section.3}% 20
\BOOKMARK [2][-]{subsection.3.6}{ Monotonicity}{section.3}% 21
\BOOKMARK [2][-]{subsection.3.7}{ Concavity}{section.3}% 22
\BOOKMARK [2][-]{subsection.3.8}{ Rolle's Theorem}{section.3}% 23
\BOOKMARK [2][-]{subsection.3.9}{ Mean Value Theorem}{section.3}% 24
\BOOKMARK [2][-]{subsection.3.10}{ Extreme Value Theorem}{section.3}% 25
\BOOKMARK [2][-]{subsection.3.11}{ Linear Approximation}{section.3}% 26
\BOOKMARK [2][-]{subsection.3.12}{ Newton's Method}{section.3}% 27
\BOOKMARK [2][-]{subsection.3.13}{ L'H\364pital's Rule}{section.3}% 28
